<?xml version="1.0" encoding="UTF-8"?>
<!-- Generated by org.testng.reporters.JUnitReportReporter -->
<testsuite hostname="LAPTOP-B6MQFRDE" failures="0" tests="1" name="TestNGFinalScripts.createOrgnization1Test" time="65.643" errors="0" timestamp="2024-09-04T19:21:25 IST" skipped="0">
  <testcase classname="TestNGFinalScripts.createOrgnization1Test" name="createOrgnizationTest" time="65.643"/>
</testsuite> <!-- TestNGFinalScripts.createOrgnization1Test -->
