<?xml version="1.0" encoding="UTF-8"?>
<!-- Generated by org.testng.reporters.JUnitReportReporter -->
<testsuite hostname="LAPTOP-B6MQFRDE" failures="0" tests="1" name="testNGScripts.Sample1" time="0.091" errors="0" timestamp="2024-09-03T09:16:29 IST" skipped="0">
  <testcase classname="testNGScripts.Sample1" name="CreateProduct" time="0.091"/>
</testsuite> <!-- testNGScripts.Sample1 -->
