<?xml version="1.0" encoding="UTF-8"?>
<!-- Generated by org.testng.reporters.JUnitReportReporter -->
<testsuite hostname="LAPTOP-B6MQFRDE" failures="0" tests="1" name="Practice.tester1" time="8.723" errors="0" timestamp="2024-09-04T07:57:38 IST" skipped="0">
  <testcase classname="Practice.tester1" name="demoForCrossBrowser" time="8.723"/>
</testsuite> <!-- Practice.tester1 -->
