<?xml version="1.0" encoding="UTF-8"?>
<!-- Generated by org.testng.reporters.JUnitReportReporter -->
<testsuite hostname="LAPTOP-B6MQFRDE" failures="0" tests="1" name="GenericUtility.BaseClass" time="3.813" errors="0" timestamp="2024-09-03T21:32:29 IST" skipped="0">
  <testcase classname="GenericUtility.BaseClass" name="demo" time="3.813"/>
</testsuite> <!-- GenericUtility.BaseClass -->
